[ 2025-02-20 03:27:05,393 ] 1025 httpx - INFO - HTTP Request: GET https://dagshub.com/api/v1/user "HTTP/1.1 200 OK"
[ 2025-02-20 03:27:05,397 ] 107 dagshub - INFO - Accessing as abhirajput05
[ 2025-02-20 03:27:05,805 ] 1025 httpx - INFO - HTTP Request: GET https://dagshub.com/api/v1/repos/abhirajput05/Network-Security "HTTP/1.1 200 OK"
[ 2025-02-20 03:27:06,212 ] 1025 httpx - INFO - HTTP Request: GET https://dagshub.com/api/v1/user "HTTP/1.1 200 OK"
[ 2025-02-20 03:27:06,215 ] 107 dagshub - INFO - Initialized MLflow to track repo "abhirajput05/Network-Security"
[ 2025-02-20 03:27:06,215 ] 107 dagshub - INFO - Repository abhirajput05/Network-Security initialized!
[ 2025-02-20 03:27:22,014 ] 42 root - INFO - Start data Ingestion
[ 2025-02-20 03:27:23,375 ] 66 root - INFO - Performed train test split on the dataframe
[ 2025-02-20 03:27:23,375 ] 68 root - INFO - Exited split_data_as_train_test method of Data_Ingestion class
[ 2025-02-20 03:27:23,375 ] 76 root - INFO - Exporting train and test file path.
[ 2025-02-20 03:27:23,404 ] 85 root - INFO - Exported train and test file path.
[ 2025-02-20 03:27:23,405 ] 45 root - INFO - Data Ingestion completed and artifact: DataIngestionArtifact(trained_file_path='Artifacts/02_20_2025_03_27_03/data_ingestion/ingested/train.csv', test_file_path='Artifacts/02_20_2025_03_27_03/data_ingestion/ingested/test.csv')
[ 2025-02-20 03:27:23,407 ] 55 root - INFO - Initiate the data Validation
[ 2025-02-20 03:27:23,416 ] 32 root - INFO - Required number of columns:2
[ 2025-02-20 03:27:23,416 ] 33 root - INFO - Data frame has columns:31
[ 2025-02-20 03:27:23,416 ] 32 root - INFO - Required number of columns:2
[ 2025-02-20 03:27:23,416 ] 33 root - INFO - Data frame has columns:31
[ 2025-02-20 03:27:23,489 ] 63 root - INFO - Entered initiate_data_transformation method of DataTransformation class
[ 2025-02-20 03:27:23,489 ] 65 root - INFO - Starting data transformation
[ 2025-02-20 03:27:23,498 ] 48 root - INFO - Entered get_data_trnasformer_object method of Trnasformation class
[ 2025-02-20 03:27:23,498 ] 53 root - INFO - Initialise KNNImputer with {'missing_values': nan, 'n_neighbors': 3, 'weights': 'uniform'}
[ 2025-02-20 03:27:23,503 ] 49 root - INFO - Entered the save_object method of MainUtils class
[ 2025-02-20 03:27:23,506 ] 53 root - INFO - Exited the save_object method of MainUtils class
[ 2025-02-20 03:27:23,506 ] 49 root - INFO - Entered the save_object method of MainUtils class
[ 2025-02-20 03:27:23,507 ] 53 root - INFO - Exited the save_object method of MainUtils class
[ 2025-02-20 03:29:35,515 ] 49 root - INFO - Entered the save_object method of MainUtils class
[ 2025-02-20 03:29:35,516 ] 53 root - INFO - Exited the save_object method of MainUtils class
[ 2025-02-20 03:29:35,516 ] 49 root - INFO - Entered the save_object method of MainUtils class
[ 2025-02-20 03:29:35,541 ] 53 root - INFO - Exited the save_object method of MainUtils class
[ 2025-02-20 03:29:35,541 ] 152 root - INFO - Model trainer artifact: ModelTrainerArtifact(trained_model_file_path='Artifacts/02_20_2025_03_27_03/model_trainer/trained_model/model.pkl', train_metric_artifact=ClassificationMetricArtifact(f1_score=0.9911666159000914, precision_score=0.9896593673965937, recall_score=0.9926784624771202), test_metric_artifact=ClassificationMetricArtifact(f1_score=0.9772273272073512, precision_score=0.9683293745051464, recall_score=0.9862903225806452))
